This file contains any messages produced by compilers while
running configure, to aid debugging if configure makes a mistake.

It was created by CLM configure 4, which was
generated by GNU Autoconf 2.69.  Invocation command line was

  $ ./configure --quiet --with-alsa

## --------- ##
## Platform. ##
## --------- ##

hostname = 067
uname -m = x86_64
uname -r = 5.15.0-46-generic
uname -s = Linux
uname -v = #49~20.04.1-Ubuntu SMP Thu Aug 4 19:15:44 UTC 2022

/usr/bin/uname -p = x86_64
/bin/uname -X     = unknown

/bin/arch              = x86_64
/usr/bin/arch -k       = unknown
/usr/convex/getsysinfo = unknown
/usr/bin/hostinfo      = unknown
/bin/machine           = unknown
/usr/bin/oslevel       = unknown
/bin/universe          = unknown

PATH: /usr/local/cuda-11.7/bin
PATH: /home/nsi/.local/bin
PATH: /home/nsi/anaconda3/bin
PATH: /home/nsi/anaconda3/condabin
PATH: /home/nsi/.local/bin
PATH: /usr/local/sbin
PATH: /usr/local/bin
PATH: /usr/sbin
PATH: /usr/bin
PATH: /sbin
PATH: /bin
PATH: /usr/games
PATH: /usr/local/games
PATH: /snap/bin
PATH: /usr/local/go/bin


## ----------- ##
## Core tests. ##
## ----------- ##

configure:2137: checking build system type
configure:2151: result: x86_64-pc-linux-gnu
configure:2171: checking host system type
configure:2184: result: x86_64-pc-linux-gnu
configure:2255: checking for gcc
configure:2271: found /usr/bin/gcc
configure:2282: result: gcc
configure:2511: checking for C compiler version
configure:2520: gcc --version >&5
gcc (Ubuntu 9.4.0-1ubuntu1~20.04.1) 9.4.0
Copyright (C) 2019 Free Software Foundation, Inc.
This is free software; see the source for copying conditions.  There is NO
warranty; not even for MERCHANTABILITY or FITNESS FOR A PARTICULAR PURPOSE.

configure:2531: $? = 0
configure:2520: gcc -v >&5
Using built-in specs.
COLLECT_GCC=gcc
COLLECT_LTO_WRAPPER=/usr/lib/gcc/x86_64-linux-gnu/9/lto-wrapper
OFFLOAD_TARGET_NAMES=nvptx-none:hsa
OFFLOAD_TARGET_DEFAULT=1
Target: x86_64-linux-gnu
Configured with: ../src/configure -v --with-pkgversion='Ubuntu 9.4.0-1ubuntu1~20.04.1' --with-bugurl=file:///usr/share/doc/gcc-9/README.Bugs --enable-languages=c,ada,c++,go,brig,d,fortran,objc,obj-c++,gm2 --prefix=/usr --with-gcc-major-version-only --program-suffix=-9 --program-prefix=x86_64-linux-gnu- --enable-shared --enable-linker-build-id --libexecdir=/usr/lib --without-included-gettext --enable-threads=posix --libdir=/usr/lib --enable-nls --enable-clocale=gnu --enable-libstdcxx-debug --enable-libstdcxx-time=yes --with-default-libstdcxx-abi=new --enable-gnu-unique-object --disable-vtable-verify --enable-plugin --enable-default-pie --with-system-zlib --with-target-system-zlib=auto --enable-objc-gc=auto --enable-multiarch --disable-werror --with-arch-32=i686 --with-abi=m64 --with-multilib-list=m32,m64,mx32 --enable-multilib --with-tune=generic --enable-offload-targets=nvptx-none=/build/gcc-9-Av3uEd/gcc-9-9.4.0/debian/tmp-nvptx/usr,hsa --without-cuda-driver --enable-checking=release --build=x86_64-linux-gnu --host=x86_64-linux-gnu --target=x86_64-linux-gnu
Thread model: posix
gcc version 9.4.0 (Ubuntu 9.4.0-1ubuntu1~20.04.1) 
configure:2531: $? = 0
configure:2520: gcc -V >&5
gcc: error: unrecognized command line option '-V'
gcc: fatal error: no input files
compilation terminated.
configure:2531: $? = 1
configure:2520: gcc -qversion >&5
gcc: error: unrecognized command line option '-qversion'; did you mean '--version'?
gcc: fatal error: no input files
compilation terminated.
configure:2531: $? = 1
configure:2551: checking whether the C compiler works
configure:2573: gcc    conftest.c  >&5
configure:2577: $? = 0
configure:2625: result: yes
configure:2628: checking for C compiler default output file name
configure:2630: result: a.out
configure:2636: checking for suffix of executables
configure:2643: gcc -o conftest    conftest.c  >&5
configure:2647: $? = 0
configure:2669: result: 
configure:2691: checking whether we are cross compiling
configure:2699: gcc -o conftest    conftest.c  >&5
configure:2703: $? = 0
configure:2710: ./conftest
configure:2714: $? = 0
configure:2702: result: no
configure:2707: checking for suffix of object files
configure:2729: gcc -c   conftest.c >&5
configure:2733: $? = 0
configure:2754: result: o
configure:2758: checking whether we are using the GNU C compiler
configure:2777: gcc -c   conftest.c >&5
configure:2777: $? = 0
configure:2786: result: yes
configure:2795: checking whether gcc accepts -g
configure:2815: gcc -c -g  conftest.c >&5
configure:2815: $? = 0
configure:2856: result: yes
configure:2873: checking for gcc option to accept ISO C89
configure:2936: gcc  -c -g -O2  conftest.c >&5
configure:2936: $? = 0
configure:2949: result: none needed
configure:3020: checking for a BSD-compatible install
configure:3088: result: /usr/bin/install -c
configure:3105: checking how to run the C preprocessor
configure:3136: gcc -E  conftest.c
configure:3136: $? = 0
configure:3150: gcc -E  conftest.c
conftest.c:9:10: fatal error: ac_nonexistent.h: No such file or directory
    9 | #include <ac_nonexistent.h>
      |          ^~~~~~~~~~~~~~~~~~
compilation terminated.
configure:3150: $? = 1
configure: failed program was:
| /* confdefs.h */
| #define PACKAGE_NAME "CLM"
| #define PACKAGE_TARNAME "clm"
| #define PACKAGE_VERSION "4"
| #define PACKAGE_STRING "CLM 4"
| #define PACKAGE_BUGREPORT "bil@ccrma.stanford.edu"
| #define PACKAGE_URL ""
| /* end confdefs.h.  */
| #include <ac_nonexistent.h>
configure:3175: result: gcc -E
configure:3195: gcc -E  conftest.c
configure:3195: $? = 0
configure:3209: gcc -E  conftest.c
conftest.c:9:10: fatal error: ac_nonexistent.h: No such file or directory
    9 | #include <ac_nonexistent.h>
      |          ^~~~~~~~~~~~~~~~~~
compilation terminated.
configure:3209: $? = 1
configure: failed program was:
| /* confdefs.h */
| #define PACKAGE_NAME "CLM"
| #define PACKAGE_TARNAME "clm"
| #define PACKAGE_VERSION "4"
| #define PACKAGE_STRING "CLM 4"
| #define PACKAGE_BUGREPORT "bil@ccrma.stanford.edu"
| #define PACKAGE_URL ""
| /* end confdefs.h.  */
| #include <ac_nonexistent.h>
configure:3238: checking for grep that handles long lines and -e
configure:3296: result: /usr/bin/grep
configure:3301: checking for egrep
configure:3363: result: /usr/bin/grep -E
configure:3368: checking for ANSI C header files
configure:3388: gcc -c -g -O2  conftest.c >&5
configure:3388: $? = 0
configure:3461: gcc -o conftest -g -O2   conftest.c  >&5
configure:3461: $? = 0
configure:3461: ./conftest
configure:3461: $? = 0
configure:3472: result: yes
configure:3485: checking for sys/types.h
configure:3485: gcc -c -g -O2  conftest.c >&5
configure:3485: $? = 0
configure:3485: result: yes
configure:3485: checking for sys/stat.h
configure:3485: gcc -c -g -O2  conftest.c >&5
configure:3485: $? = 0
configure:3485: result: yes
configure:3485: checking for stdlib.h
configure:3485: gcc -c -g -O2  conftest.c >&5
configure:3485: $? = 0
configure:3485: result: yes
configure:3485: checking for string.h
configure:3485: gcc -c -g -O2  conftest.c >&5
configure:3485: $? = 0
configure:3485: result: yes
configure:3485: checking for memory.h
configure:3485: gcc -c -g -O2  conftest.c >&5
configure:3485: $? = 0
configure:3485: result: yes
configure:3485: checking for strings.h
configure:3485: gcc -c -g -O2  conftest.c >&5
configure:3485: $? = 0
configure:3485: result: yes
configure:3485: checking for inttypes.h
configure:3485: gcc -c -g -O2  conftest.c >&5
configure:3485: $? = 0
configure:3485: result: yes
configure:3485: checking for stdint.h
configure:3485: gcc -c -g -O2  conftest.c >&5
configure:3485: $? = 0
configure:3485: result: yes
configure:3485: checking for unistd.h
configure:3485: gcc -c -g -O2  conftest.c >&5
configure:3485: $? = 0
configure:3485: result: yes
configure:3497: checking whether byte ordering is bigendian
configure:3512: gcc -c -g -O2  conftest.c >&5
conftest.c:20:9: error: unknown type name 'not'
   20 |         not a universal capable compiler
      |         ^~~
conftest.c:20:15: error: expected '=', ',', ';', 'asm' or '__attribute__' before 'universal'
   20 |         not a universal capable compiler
      |               ^~~~~~~~~
conftest.c:20:15: error: unknown type name 'universal'
configure:3512: $? = 1
configure: failed program was:
| /* confdefs.h */
| #define PACKAGE_NAME "CLM"
| #define PACKAGE_TARNAME "clm"
| #define PACKAGE_VERSION "4"
| #define PACKAGE_STRING "CLM 4"
| #define PACKAGE_BUGREPORT "bil@ccrma.stanford.edu"
| #define PACKAGE_URL ""
| #define STDC_HEADERS 1
| #define HAVE_SYS_TYPES_H 1
| #define HAVE_SYS_STAT_H 1
| #define HAVE_STDLIB_H 1
| #define HAVE_STRING_H 1
| #define HAVE_MEMORY_H 1
| #define HAVE_STRINGS_H 1
| #define HAVE_INTTYPES_H 1
| #define HAVE_STDINT_H 1
| #define HAVE_UNISTD_H 1
| /* end confdefs.h.  */
| #ifndef __APPLE_CC__
| 	       not a universal capable compiler
| 	     #endif
| 	     typedef int dummy;
| 
configure:3557: gcc -c -g -O2  conftest.c >&5
configure:3557: $? = 0
configure:3575: gcc -c -g -O2  conftest.c >&5
conftest.c: In function 'main':
conftest.c:26:4: error: unknown type name 'not'; did you mean 'ino_t'?
   26 |    not big endian
      |    ^~~
      |    ino_t
conftest.c:26:12: error: expected '=', ',', ';', 'asm' or '__attribute__' before 'endian'
   26 |    not big endian
      |            ^~~~~~
configure:3575: $? = 1
configure: failed program was:
| /* confdefs.h */
| #define PACKAGE_NAME "CLM"
| #define PACKAGE_TARNAME "clm"
| #define PACKAGE_VERSION "4"
| #define PACKAGE_STRING "CLM 4"
| #define PACKAGE_BUGREPORT "bil@ccrma.stanford.edu"
| #define PACKAGE_URL ""
| #define STDC_HEADERS 1
| #define HAVE_SYS_TYPES_H 1
| #define HAVE_SYS_STAT_H 1
| #define HAVE_STDLIB_H 1
| #define HAVE_STRING_H 1
| #define HAVE_MEMORY_H 1
| #define HAVE_STRINGS_H 1
| #define HAVE_INTTYPES_H 1
| #define HAVE_STDINT_H 1
| #define HAVE_UNISTD_H 1
| /* end confdefs.h.  */
| #include <sys/types.h>
| 		#include <sys/param.h>
| 
| int
| main ()
| {
| #if BYTE_ORDER != BIG_ENDIAN
| 		 not big endian
| 		#endif
| 
|   ;
|   return 0;
| }
configure:3703: result: no
configure:3725: checking size of void *
configure:3730: gcc -o conftest -g -O2   conftest.c  >&5
configure:3730: $? = 0
configure:3730: ./conftest
configure:3730: $? = 0
configure:3744: result: 8
configure:3757: checking for pkg-config
configure:3775: found /usr/bin/pkg-config
configure:3788: result: /usr/bin/pkg-config
configure:3898: checking for audio system
configure:3900: result: ALSA
configure:4142: creating ./config.status

## ---------------------- ##
## Running config.status. ##
## ---------------------- ##

This file was extended by CLM config.status 4, which was
generated by GNU Autoconf 2.69.  Invocation command line was

  CONFIG_FILES    = 
  CONFIG_HEADERS  = 
  CONFIG_LINKS    = 
  CONFIG_COMMANDS = 
  $ ./config.status --quiet

on 067

config.status:674: creating mus-config.h

## ---------------- ##
## Cache variables. ##
## ---------------- ##

ac_cv_build=x86_64-pc-linux-gnu
ac_cv_c_bigendian=no
ac_cv_c_compiler_gnu=yes
ac_cv_env_CC_set=
ac_cv_env_CC_value=
ac_cv_env_CFLAGS_set=
ac_cv_env_CFLAGS_value=
ac_cv_env_CPPFLAGS_set=
ac_cv_env_CPPFLAGS_value=
ac_cv_env_CPP_set=
ac_cv_env_CPP_value=
ac_cv_env_LDFLAGS_set=
ac_cv_env_LDFLAGS_value=
ac_cv_env_LIBS_set=
ac_cv_env_LIBS_value=
ac_cv_env_build_alias_set=
ac_cv_env_build_alias_value=
ac_cv_env_host_alias_set=
ac_cv_env_host_alias_value=
ac_cv_env_target_alias_set=
ac_cv_env_target_alias_value=
ac_cv_header_inttypes_h=yes
ac_cv_header_memory_h=yes
ac_cv_header_stdc=yes
ac_cv_header_stdint_h=yes
ac_cv_header_stdlib_h=yes
ac_cv_header_string_h=yes
ac_cv_header_strings_h=yes
ac_cv_header_sys_stat_h=yes
ac_cv_header_sys_types_h=yes
ac_cv_header_unistd_h=yes
ac_cv_host=x86_64-pc-linux-gnu
ac_cv_objext=o
ac_cv_path_EGREP='/usr/bin/grep -E'
ac_cv_path_GREP=/usr/bin/grep
ac_cv_path_PKG_CONFIG=/usr/bin/pkg-config
ac_cv_path_install='/usr/bin/install -c'
ac_cv_prog_CPP='gcc -E'
ac_cv_prog_ac_ct_CC=gcc
ac_cv_prog_cc_c89=
ac_cv_prog_cc_g=yes
ac_cv_sizeof_void_p=8

## ----------------- ##
## Output variables. ##
## ----------------- ##

AUDIO_LIB='-lasound'
A_INSTALL='install'
A_LD='ar'
A_LD_FLAGS='-rc'
CC='gcc'
CFLAGS='-I. -g -O2'
CPP='gcc -E'
CPPFLAGS=''
DEFS='-DHAVE_CONFIG_H'
ECHO_C=''
ECHO_N='-n'
ECHO_T=''
EGREP='/usr/bin/grep -E'
EXEEXT=''
GREP='/usr/bin/grep'
INSTALL_DATA='${INSTALL} -m 644'
INSTALL_PROGRAM='${INSTALL}'
INSTALL_SCRIPT='${INSTALL}'
JACK_FLAGS=''
JACK_LIBS=''
LDFLAGS=''
LDSO_FLAGS='-shared'
LD_FLAGS='-r'
LIBOBJS=''
LIBS=' -lm -ldl'
LTLIBOBJS=''
OBJEXT='o'
PACKAGE_BUGREPORT='bil@ccrma.stanford.edu'
PACKAGE_NAME='CLM'
PACKAGE_STRING='CLM 4'
PACKAGE_TARNAME='clm'
PACKAGE_URL=''
PACKAGE_VERSION='4'
PATH_SEPARATOR=':'
PKG_CONFIG='/usr/bin/pkg-config'
RANLIB=':'
SHELL='/bin/bash'
SO_FLAGS='-fPIC '
SO_INSTALL='install'
SO_LD='gcc'
SO_NAME='libsndlib.so'
ac_ct_CC='gcc'
bindir='${exec_prefix}/bin'
build='x86_64-pc-linux-gnu'
build_alias=''
build_cpu='x86_64'
build_os='linux-gnu'
build_vendor='pc'
datadir='${datarootdir}'
datarootdir='${prefix}/share'
docdir='${datarootdir}/doc/${PACKAGE_TARNAME}'
dvidir='${docdir}'
exec_prefix='${prefix}'
host='x86_64-pc-linux-gnu'
host_alias=''
host_cpu='x86_64'
host_os='linux-gnu'
host_vendor='pc'
htmldir='${docdir}'
includedir='${prefix}/include'
infodir='${datarootdir}/info'
libdir='${exec_prefix}/lib'
libexecdir='${exec_prefix}/libexec'
localedir='${datarootdir}/locale'
localstatedir='${prefix}/var'
mandir='${datarootdir}/man'
oldincludedir='/usr/include'
pdfdir='${docdir}'
prefix='/usr/local'
program_transform_name='s,x,x,'
psdir='${docdir}'
sbindir='${exec_prefix}/sbin'
sharedstatedir='${prefix}/com'
sysconfdir='${prefix}/etc'
target_alias=''

## ----------- ##
## confdefs.h. ##
## ----------- ##

/* confdefs.h */
#define PACKAGE_NAME "CLM"
#define PACKAGE_TARNAME "clm"
#define PACKAGE_VERSION "4"
#define PACKAGE_STRING "CLM 4"
#define PACKAGE_BUGREPORT "bil@ccrma.stanford.edu"
#define PACKAGE_URL ""
#define STDC_HEADERS 1
#define HAVE_SYS_TYPES_H 1
#define HAVE_SYS_STAT_H 1
#define HAVE_STDLIB_H 1
#define HAVE_STRING_H 1
#define HAVE_MEMORY_H 1
#define HAVE_STRINGS_H 1
#define HAVE_INTTYPES_H 1
#define HAVE_STDINT_H 1
#define HAVE_UNISTD_H 1
#define SIZEOF_VOID_P 8
#define HAVE_ALSA 1
#define WITH_AUDIO 1

configure: exit 0
